[0.013s] Invoking command in '/home/cofallen/Code/ros2/cp3_topic/topic_ws/build/demo_cpp_topic': CMAKE_PREFIX_PATH=/opt/ros/humble /usr/bin/cmake /home/cofallen/Code/ros2/cp3_topic/topic_ws/src/demo_cpp_topic -DCMAKE_INSTALL_PREFIX=/home/cofallen/Code/ros2/cp3_topic/topic_ws/install/demo_cpp_topic
[0.179s] -- The C compiler identification is GNU 11.4.0
[0.286s] -- The CXX compiler identification is GNU 11.4.0
[0.294s] -- Detecting C compiler ABI info
[0.366s] -- Detecting C compiler ABI info - done
[0.371s] -- Check for working C compiler: /usr/bin/cc - skipped
[0.371s] -- Detecting C compile features
[0.372s] -- Detecting C compile features - done
[0.375s] -- Detecting CXX compiler ABI info
[0.453s] -- Detecting CXX compiler ABI info - done
[0.458s] -- Check for working CXX compiler: /usr/bin/c++ - skipped
[0.458s] -- Detecting CXX compile features
[0.459s] -- Detecting CXX compile features - done
[0.471s] -- Found ament_cmake: 1.3.11 (/opt/ros/humble/share/ament_cmake/cmake)
[0.591s] -- Found Python3: /usr/bin/python3 (found version "3.10.12") found components: Interpreter 
[0.677s] -- Found rclcpp: 16.0.12 (/opt/ros/humble/share/rclcpp/cmake)
[0.736s] -- Found rosidl_generator_c: 3.1.6 (/opt/ros/humble/share/rosidl_generator_c/cmake)
[0.741s] -- Found rosidl_adapter: 3.1.6 (/opt/ros/humble/share/rosidl_adapter/cmake)
[0.749s] -- Found rosidl_generator_cpp: 3.1.6 (/opt/ros/humble/share/rosidl_generator_cpp/cmake)
[0.763s] -- Using all available rosidl_typesupport_c: rosidl_typesupport_fastrtps_c;rosidl_typesupport_introspection_c
[0.778s] -- Using all available rosidl_typesupport_cpp: rosidl_typesupport_fastrtps_cpp;rosidl_typesupport_introspection_cpp
[0.822s] -- Found rmw_implementation_cmake: 6.1.2 (/opt/ros/humble/share/rmw_implementation_cmake/cmake)
[0.825s] -- Found rmw_fastrtps_cpp: 6.2.7 (/opt/ros/humble/share/rmw_fastrtps_cpp/cmake)
[0.927s] -- Found OpenSSL: /usr/lib/x86_64-linux-gnu/libcrypto.so (found version "3.0.2")  
[0.949s] -- Found FastRTPS: /opt/ros/humble/include  
[0.987s] -- Using RMW implementation 'rmw_fastrtps_cpp' as default
[0.997s] -- Looking for pthread.h
[1.063s] -- Looking for pthread.h - found
[1.064s] -- Performing Test CMAKE_HAVE_LIBC_PTHREAD
[1.130s] -- Performing Test CMAKE_HAVE_LIBC_PTHREAD - Success
[1.131s] -- Found Threads: TRUE  
[1.186s] -- Found geometry_msgs: 4.8.0 (/opt/ros/humble/share/geometry_msgs/cmake)
[1.199s] -- Found turtlesim: 1.4.2 (/opt/ros/humble/share/turtlesim/cmake)
[1.241s] -- Found ament_lint_auto: 0.12.12 (/opt/ros/humble/share/ament_lint_auto/cmake)
[1.303s] -- Added test 'cppcheck' to perform static code analysis on C / C++ code
[1.303s] -- Configured cppcheck include dirs: 
[1.303s] -- Configured cppcheck exclude dirs and/or files: 
[1.303s] -- Added test 'lint_cmake' to check CMake code style
[1.305s] -- Added test 'uncrustify' to check C / C++ code style
[1.305s] -- Configured uncrustify additional arguments: 
[1.305s] -- Added test 'xmllint' to check XML markup files
[1.307s] -- Configuring done
[1.315s] -- Generating done
[1.318s] -- Build files have been written to: /home/cofallen/Code/ros2/cp3_topic/topic_ws/build/demo_cpp_topic
[1.326s] Invoked command in '/home/cofallen/Code/ros2/cp3_topic/topic_ws/build/demo_cpp_topic' returned '0': CMAKE_PREFIX_PATH=/opt/ros/humble /usr/bin/cmake /home/cofallen/Code/ros2/cp3_topic/topic_ws/src/demo_cpp_topic -DCMAKE_INSTALL_PREFIX=/home/cofallen/Code/ros2/cp3_topic/topic_ws/install/demo_cpp_topic
[1.328s] Invoking command in '/home/cofallen/Code/ros2/cp3_topic/topic_ws/build/demo_cpp_topic': CMAKE_PREFIX_PATH=/opt/ros/humble /usr/bin/cmake --build /home/cofallen/Code/ros2/cp3_topic/topic_ws/build/demo_cpp_topic -- -j12 -l12
[1.372s] [ 50%] [32mBuilding CXX object CMakeFiles/turtle_circle.dir/src/turtle_circle.cpp.o[0m
[1.561s] [01m[K/home/cofallen/Code/ros2/cp3_topic/topic_ws/src/demo_cpp_topic/src/turtle_circle.cpp:3:10:[m[K [01;31m[Kfatal error: [m[Kturtlesim/msg/pose.hpp: No such file or directory
[1.561s]     3 | #include [01;31m[K"turtlesim/msg/pose.hpp"[m[K
[1.561s]       |          [01;31m[K^~~~~~~~~~~~~~~~~~~~~~~~[m[K
[1.561s] compilation terminated.
[1.564s] gmake[2]: *** [CMakeFiles/turtle_circle.dir/build.make:76: CMakeFiles/turtle_circle.dir/src/turtle_circle.cpp.o] Error 1
[1.564s] gmake[1]: *** [CMakeFiles/Makefile2:137: CMakeFiles/turtle_circle.dir/all] Error 2
[1.565s] gmake: *** [Makefile:146: all] Error 2
[1.567s] Invoked command in '/home/cofallen/Code/ros2/cp3_topic/topic_ws/build/demo_cpp_topic' returned '2': CMAKE_PREFIX_PATH=/opt/ros/humble /usr/bin/cmake --build /home/cofallen/Code/ros2/cp3_topic/topic_ws/build/demo_cpp_topic -- -j12 -l12
