[0.013s] Invoking command in '/home/cofallen/Code/ros2/cp3_topic/topic_ws/build/demo_cpp_topic': CMAKE_PREFIX_PATH=${CMAKE_PREFIX_PATH}:/home/cofallen/Code/ros2/cp3_topic/topic_ws/install/demo_python_topic:/opt/ros/humble /usr/bin/cmake --build /home/cofallen/Code/ros2/cp3_topic/topic_ws/build/demo_cpp_topic -- -j12 -l12
[0.052s] [35m[1mConsolidate compiler generated dependencies of target turtle_control[0m
[0.065s] [ 50%] Built target turtle_circle
[0.069s] [ 75%] [32mBuilding CXX object CMakeFiles/turtle_control.dir/src/turtle_control.cpp.o[0m
[1.871s] [01m[K/home/cofallen/Code/ros2/cp3_topic/topic_ws/src/demo_cpp_topic/src/turtle_control.cpp:25:5:[m[K [01;31m[Kerror: [m[Kextra qualification â€˜[01m[KPIDControler::[m[Kâ€™ on member â€˜[01m[KPIDControler[m[Kâ€™ [[01;31m[K]8;;https://gcc.gnu.org/onlinedocs/gcc/Warning-Options.html#index-fpermissive-fpermissive]8;;[m[K]
[1.871s]    25 |     [01;31m[KPIDControler[m[K::PIDControler(double kp, double ki, double kd, double max_limit);
[1.871s]       |     [01;31m[K^~~~~~~~~~~~[m[K
[1.871s] [01m[K/home/cofallen/Code/ros2/cp3_topic/topic_ws/src/demo_cpp_topic/src/turtle_control.cpp:43:8:[m[K [01;31m[Kerror: [m[Kdefault argument given for parameter 3 of â€˜[01m[Kdouble PIDControler::compute(double, double, rclcpp::Time)[m[Kâ€™
[1.872s]    43 | double [01;31m[KPIDControler[m[K::compute(double target, double realval, rclcpp::Time current_time = rclcpp::Time()) {
[1.872s]       |        [01;31m[K^~~~~~~~~~~~[m[K
[1.872s] [01m[K/home/cofallen/Code/ros2/cp3_topic/topic_ws/src/demo_cpp_topic/src/turtle_control.cpp:26:12:[m[K [01;36m[Knote: [m[Kprevious specification in â€˜[01m[Kdouble PIDControler::compute(double, double, rclcpp::Time)[m[Kâ€™ here
[1.872s]    26 |     double [01;36m[Kcompute[m[K(double target, double realval, rclcpp::Time current_time = rclcpp::Time());
[1.872s]       |            [01;36m[K^~~~~~~[m[K
[3.861s] gmake[2]: *** [CMakeFiles/turtle_control.dir/build.make:76: CMakeFiles/turtle_control.dir/src/turtle_control.cpp.o] Error 1
[3.861s] gmake[1]: *** [CMakeFiles/Makefile2:165: CMakeFiles/turtle_control.dir/all] Error 2
[3.861s] gmake: *** [Makefile:146: all] Error 2
[3.864s] Invoked command in '/home/cofallen/Code/ros2/cp3_topic/topic_ws/build/demo_cpp_topic' returned '2': CMAKE_PREFIX_PATH=${CMAKE_PREFIX_PATH}:/home/cofallen/Code/ros2/cp3_topic/topic_ws/install/demo_python_topic:/opt/ros/humble /usr/bin/cmake --build /home/cofallen/Code/ros2/cp3_topic/topic_ws/build/demo_cpp_topic -- -j12 -l12
