[01m[K/home/cofallen/Code/ros2/cp3_topic/topic_ws/src/demo_cpp_topic/src/turtle_control.cpp:[m[K In member function â€˜[01m[Kdouble PIDControler::compute(double, double)[m[Kâ€™:
[01m[K/home/cofallen/Code/ros2/cp3_topic/topic_ws/src/demo_cpp_topic/src/turtle_control.cpp:38:29:[m[K [01;31m[Kerror: [m[Kâ€˜[01m[Kdt[m[Kâ€™ was not declared in this scope
   38 |     err_sum_ += err_[NOW] * [01;31m[Kdt[m[K;
      |                             [01;31m[K^~[m[K
gmake[2]: *** [CMakeFiles/turtle_control.dir/build.make:76: CMakeFiles/turtle_control.dir/src/turtle_control.cpp.o] Error 1
gmake[1]: *** [CMakeFiles/Makefile2:165: CMakeFiles/turtle_control.dir/all] Error 2
gmake: *** [Makefile:146: all] Error 2
