[01m[K/home/cofallen/Code/ros2/cp3_topic/topic_ws/src/demo_cpp_topic/src/turtle_control.cpp:35:8:[m[K [01;31m[Kerror: [m[Kdefault argument given for parameter 3 of â€˜[01m[Kdouble PIDControler::compute(double, double, rclcpp::Time)[m[Kâ€™
   35 | double [01;31m[KPIDControler[m[K::compute(double target, double realval, rclcpp::Time current_time = rclcpp::Time()) {
      |        [01;31m[K^~~~~~~~~~~~[m[K
[01m[K/home/cofallen/Code/ros2/cp3_topic/topic_ws/src/demo_cpp_topic/src/turtle_control.cpp:25:12:[m[K [01;36m[Knote: [m[Kprevious specification in â€˜[01m[Kdouble PIDControler::compute(double, double, rclcpp::Time)[m[Kâ€™ here
   25 |     double [01;36m[Kcompute[m[K(double target, double realval, rclcpp::Time current_time = rclcpp::Time());
      |            [01;36m[K^~~~~~~[m[K
gmake[2]: *** [CMakeFiles/turtle_control.dir/build.make:76: CMakeFiles/turtle_control.dir/src/turtle_control.cpp.o] Error 1
gmake[1]: *** [CMakeFiles/Makefile2:165: CMakeFiles/turtle_control.dir/all] Error 2
gmake: *** [Makefile:146: all] Error 2
