[0.011s] Invoking command in '/home/cofallen/Code/ros2/cp2_node/cp2_ws/build/demo_cpp_pkg': CMAKE_PREFIX_PATH=${CMAKE_PREFIX_PATH}:/home/cofallen/Code/ros2/cp2_node/cp2_ws/install/demo_python_pkg:/opt/ros/humble /usr/bin/cmake --build /home/cofallen/Code/ros2/cp2_node/cp2_ws/build/demo_cpp_pkg -- -j12 -l12
[0.047s] [35m[1mConsolidate compiler generated dependencies of target learn_functional[0m
[0.057s] [ 58%] Built target learn_shared_ptr
[0.057s] [ 58%] [32mBuilding CXX object CMakeFiles/learn_functional.dir/src/learn_functional.cpp.o[0m
[0.057s] [ 58%] Built target person_node
[0.057s] [ 58%] Built target learn_lambda
[0.057s] [ 91%] Built target cpp_node
[0.057s] [ 91%] Built target learn_auto
[0.422s] [100%] [32m[1mLinking CXX executable learn_functional[0m
[0.494s] /usr/bin/ld: CMakeFiles/learn_functional.dir/src/learn_functional.cpp.o: in function `main':
[0.494s] learn_functional.cpp:(.text+0x1bf): undefined reference to `FileSave::FileSave()'
[0.499s] collect2: error: ld returned 1 exit status
[0.501s] gmake[2]: *** [CMakeFiles/learn_functional.dir/build.make:151: learn_functional] Error 1
[0.501s] gmake[1]: *** [CMakeFiles/Makefile2:277: CMakeFiles/learn_functional.dir/all] Error 2
[0.501s] gmake: *** [Makefile:146: all] Error 2
[0.503s] Invoked command in '/home/cofallen/Code/ros2/cp2_node/cp2_ws/build/demo_cpp_pkg' returned '2': CMAKE_PREFIX_PATH=${CMAKE_PREFIX_PATH}:/home/cofallen/Code/ros2/cp2_node/cp2_ws/install/demo_python_pkg:/opt/ros/humble /usr/bin/cmake --build /home/cofallen/Code/ros2/cp2_node/cp2_ws/build/demo_cpp_pkg -- -j12 -l12
