[0.000000] (-) TimerEvent: {}
[0.000553] (demo_cpp_pkg) JobQueued: {'identifier': 'demo_cpp_pkg', 'dependencies': OrderedDict()}
[0.000737] (demo_python_pkg) JobQueued: {'identifier': 'demo_python_pkg', 'dependencies': OrderedDict([('demo_cpp_pkg', '/home/cofallen/Code/ros2/cp2_node/cp2_ws/install/demo_cpp_pkg')])}
[0.000789] (demo_cpp_pkg) JobStarted: {'identifier': 'demo_cpp_pkg'}
[0.007066] (demo_cpp_pkg) JobProgress: {'identifier': 'demo_cpp_pkg', 'progress': 'cmake'}
[0.007609] (demo_cpp_pkg) JobProgress: {'identifier': 'demo_cpp_pkg', 'progress': 'build'}
[0.008251] (demo_cpp_pkg) Command: {'cmd': ['/usr/bin/cmake', '--build', '/home/cofallen/Code/ros2/cp2_node/cp2_ws/build/demo_cpp_pkg', '--', '-j12', '-l12'], 'cwd': '/home/cofallen/Code/ros2/cp2_node/cp2_ws/build/demo_cpp_pkg', 'env': OrderedDict([('GJS_DEBUG_TOPICS', 'JS ERROR;JS LOG'), ('LESSOPEN', '| /usr/bin/lesspipe %s'), ('USER', 'cofallen'), ('XDG_SESSION_TYPE', 'wayland'), ('GIT_ASKPASS', '/usr/share/code/resources/app/extensions/git/dist/askpass.sh'), ('SHLVL', '1'), ('LD_LIBRARY_PATH', '/opt/ros/humble/opt/rviz_ogre_vendor/lib:/opt/ros/humble/lib/x86_64-linux-gnu:/opt/ros/humble/lib'), ('HOME', '/home/cofallen'), ('CHROME_DESKTOP', 'code.desktop'), ('OLDPWD', '/home/cofallen/Code/ros2'), ('TERM_PROGRAM_VERSION', '1.100.3'), ('DESKTOP_SESSION', 'ubuntu'), ('NVM_BIN', '/home/cofallen/.nvm/versions/node/v22.14.0/bin'), ('NVM_INC', '/home/cofallen/.nvm/versions/node/v22.14.0/include/node'), ('GIO_LAUNCHED_DESKTOP_FILE', '/usr/share/applications/code.desktop'), ('ROS_PYTHON_VERSION', '3'), ('GNOME_SHELL_SESSION_MODE', 'ubuntu'), ('GTK_MODULES', 'gail:atk-bridge'), ('VSCODE_GIT_ASKPASS_MAIN', '/usr/share/code/resources/app/extensions/git/dist/askpass-main.js'), ('VSCODE_GIT_ASKPASS_NODE', '/usr/share/code/code'), ('MANAGERPID', '2520'), ('PYDEVD_DISABLE_FILE_VALIDATION', '1'), ('SYSTEMD_EXEC_PID', '2693'), ('BUNDLED_DEBUGPY_PATH', '/home/cofallen/.vscode/extensions/ms-python.debugpy-2025.8.0-linux-x64/bundled/libs/debugpy'), ('IM_CONFIG_CHECK_ENV', '1'), ('DBUS_SESSION_BUS_ADDRESS', 'unix:path=/run/user/1000/bus'), ('COLORTERM', 'truecolor'), ('GIO_LAUNCHED_DESKTOP_FILE_PID', '3486'), ('NVM_DIR', '/home/cofallen/.nvm'), ('IM_CONFIG_PHASE', '1'), ('WAYLAND_DISPLAY', 'wayland-0'), ('COLCON_PREFIX_PATH', '/home/cofallen/Code/ros2/cp2_node/cp2_ws/install'), ('INFOPATH', '/usr/local/texlive/2025/texmf-dist/doc/info:/usr/local/texlive/2025/texmf-dist/doc/info:'), ('ROS_DISTRO', 'humble'), ('LOGNAME', 'cofallen'), ('JOURNAL_STREAM', '8:21174'), ('_', '/home/cofallen/.local/bin/colcon'), ('ROS_VERSION', '2'), ('XDG_SESSION_CLASS', 'user'), ('USERNAME', 'cofallen'), ('TERM', 'xterm-256color'), ('GNOME_DESKTOP_SESSION_ID', 'this-is-deprecated'), ('ROS_LOCALHOST_ONLY', '0'), ('PATH', '/usr/local/texlive/2025/bin/x86_64-linux:/home/cofallen/.local/bin:/opt/ros/humble/bin:/home/cofallen/.nvm/versions/node/v22.14.0/bin:/usr/local/texlive/2025/bin/x86_64-linux:/home/cofallen/.local/bin:/usr/local/sbin:/usr/local/bin:/usr/sbin:/usr/bin:/sbin:/bin:/usr/games:/usr/local/games:/snap/bin:/snap/bin:/home/cofallen/.vscode/extensions/ms-python.debugpy-2025.8.0-linux-x64/bundled/scripts/noConfigScripts:/home/cofallen/.config/Code/User/globalStorage/github.copilot-chat/debugCommand'), ('SESSION_MANAGER', 'local/cofallen-NucBox-M6:@/tmp/.ICE-unix/2655,unix/cofallen-NucBox-M6:/tmp/.ICE-unix/2655'), ('INVOCATION_ID', '7923401bfa714e0784496f2a1a9d2802'), ('XDG_MENU_PREFIX', 'gnome-'), ('GNOME_SETUP_DISPLAY', ':1'), ('XDG_RUNTIME_DIR', '/run/user/1000'), ('GDK_BACKEND', 'x11'), ('DISPLAY', ':0'), ('VSCODE_DEBUGPY_ADAPTER_ENDPOINTS', '/home/cofallen/.vscode/extensions/ms-python.debugpy-2025.8.0-linux-x64/.noConfigDebugAdapterEndpoints/endpoint-0e67453d5ff2fdd4.txt'), ('LANG', 'en_US.UTF-8'), ('XDG_CURRENT_DESKTOP', 'Unity'), ('XMODIFIERS', '@im=ibus'), ('XDG_SESSION_DESKTOP', 'ubuntu'), ('XAUTHORITY', '/run/user/1000/.mutter-Xwaylandauth.3JSY72'), ('LS_COLORS', 'rs=0:di=01;34:ln=01;36:mh=00:pi=40;33:so=01;35:do=01;35:bd=40;33;01:cd=40;33;01:or=40;31;01:mi=00:su=37;41:sg=30;43:ca=30;41:tw=30;42:ow=34;42:st=37;44:ex=01;32:*.tar=01;31:*.tgz=01;31:*.arc=01;31:*.arj=01;31:*.taz=01;31:*.lha=01;31:*.lz4=01;31:*.lzh=01;31:*.lzma=01;31:*.tlz=01;31:*.txz=01;31:*.tzo=01;31:*.t7z=01;31:*.zip=01;31:*.z=01;31:*.dz=01;31:*.gz=01;31:*.lrz=01;31:*.lz=01;31:*.lzo=01;31:*.xz=01;31:*.zst=01;31:*.tzst=01;31:*.bz2=01;31:*.bz=01;31:*.tbz=01;31:*.tbz2=01;31:*.tz=01;31:*.deb=01;31:*.rpm=01;31:*.jar=01;31:*.war=01;31:*.ear=01;31:*.sar=01;31:*.rar=01;31:*.alz=01;31:*.ace=01;31:*.zoo=01;31:*.cpio=01;31:*.7z=01;31:*.rz=01;31:*.cab=01;31:*.wim=01;31:*.swm=01;31:*.dwm=01;31:*.esd=01;31:*.jpg=01;35:*.jpeg=01;35:*.mjpg=01;35:*.mjpeg=01;35:*.gif=01;35:*.bmp=01;35:*.pbm=01;35:*.pgm=01;35:*.ppm=01;35:*.tga=01;35:*.xbm=01;35:*.xpm=01;35:*.tif=01;35:*.tiff=01;35:*.png=01;35:*.svg=01;35:*.svgz=01;35:*.mng=01;35:*.pcx=01;35:*.mov=01;35:*.mpg=01;35:*.mpeg=01;35:*.m2v=01;35:*.mkv=01;35:*.webm=01;35:*.webp=01;35:*.ogm=01;35:*.mp4=01;35:*.m4v=01;35:*.mp4v=01;35:*.vob=01;35:*.qt=01;35:*.nuv=01;35:*.wmv=01;35:*.asf=01;35:*.rm=01;35:*.rmvb=01;35:*.flc=01;35:*.avi=01;35:*.fli=01;35:*.flv=01;35:*.gl=01;35:*.dl=01;35:*.xcf=01;35:*.xwd=01;35:*.yuv=01;35:*.cgm=01;35:*.emf=01;35:*.ogv=01;35:*.ogx=01;35:*.aac=00;36:*.au=00;36:*.flac=00;36:*.m4a=00;36:*.mid=00;36:*.midi=00;36:*.mka=00;36:*.mp3=00;36:*.mpc=00;36:*.ogg=00;36:*.ra=00;36:*.wav=00;36:*.oga=00;36:*.opus=00;36:*.spx=00;36:*.xspf=00;36:'), ('VSCODE_GIT_IPC_HANDLE', '/run/user/1000/vscode-git-37b846c8e4.sock'), ('TERM_PROGRAM', 'vscode'), ('SSH_AGENT_LAUNCHER', 'gnome-keyring'), ('SSH_AUTH_SOCK', '/run/user/1000/keyring/ssh'), ('AMENT_PREFIX_PATH', '/home/cofallen/Code/ros2/cp2_node/cp2_ws/install/demo_python_pkg:/home/cofallen/Code/ros2/cp2_node/cp2_ws/install/demo_cpp_pkg:/opt/ros/humble'), ('ORIGINAL_XDG_CURRENT_DESKTOP', 'ubuntu:GNOME'), ('SHELL', '/bin/bash'), ('QT_ACCESSIBILITY', '1'), ('GDMSESSION', 'ubuntu'), ('LESSCLOSE', '/usr/bin/lesspipe %s %s'), ('GJS_DEBUG_OUTPUT', 'stderr'), ('VSCODE_GIT_ASKPASS_EXTRA_ARGS', ''), ('QT_IM_MODULE', 'ibus'), ('PWD', '/home/cofallen/Code/ros2/cp2_node/cp2_ws/build/demo_cpp_pkg'), ('LC_ALL', 'en_US.UTF-8'), ('XDG_CONFIG_DIRS', '/etc/xdg/xdg-ubuntu:/etc/xdg'), ('NVM_CD_FLAGS', ''), ('XDG_DATA_DIRS', '/usr/share/ubuntu:/usr/local/share/:/usr/share/:/var/lib/snapd/desktop'), ('PYTHONPATH', '/home/cofallen/Code/ros2/cp2_node/cp2_ws/install/demo_python_pkg/lib/python3.10/site-packages:/opt/ros/humble/lib/python3.10/site-packages:/opt/ros/humble/local/lib/python3.10/dist-packages'), ('COLCON', '1'), ('MANPATH', '/usr/local/texlive/2025/texmf-dist/doc/man:/home/cofallen/.nvm/versions/node/v22.14.0/share/man:/usr/local/texlive/2025/texmf-dist/doc/man:'), ('CMAKE_PREFIX_PATH', '/home/cofallen/Code/ros2/cp2_node/cp2_ws/install/demo_cpp_pkg:/home/cofallen/Code/ros2/cp2_node/cp2_ws/install/demo_python_pkg:/opt/ros/humble')]), 'shell': False}
[0.031950] (demo_cpp_pkg) StdoutLine: {'line': b'-- Found ament_cmake: 1.3.11 (/opt/ros/humble/share/ament_cmake/cmake)\n'}
[0.099834] (-) TimerEvent: {}
[0.125542] (demo_cpp_pkg) StdoutLine: {'line': b'-- Found rclcpp: 16.0.12 (/opt/ros/humble/share/rclcpp/cmake)\n'}
[0.147476] (demo_cpp_pkg) StdoutLine: {'line': b'-- Found rosidl_generator_c: 3.1.6 (/opt/ros/humble/share/rosidl_generator_c/cmake)\n'}
[0.149025] (demo_cpp_pkg) StdoutLine: {'line': b'-- Found rosidl_adapter: 3.1.6 (/opt/ros/humble/share/rosidl_adapter/cmake)\n'}
[0.152877] (demo_cpp_pkg) StdoutLine: {'line': b'-- Found rosidl_generator_cpp: 3.1.6 (/opt/ros/humble/share/rosidl_generator_cpp/cmake)\n'}
[0.159106] (demo_cpp_pkg) StdoutLine: {'line': b'-- Using all available rosidl_typesupport_c: rosidl_typesupport_fastrtps_c;rosidl_typesupport_introspection_c\n'}
[0.167208] (demo_cpp_pkg) StdoutLine: {'line': b'-- Using all available rosidl_typesupport_cpp: rosidl_typesupport_fastrtps_cpp;rosidl_typesupport_introspection_cpp\n'}
[0.188162] (demo_cpp_pkg) StdoutLine: {'line': b'-- Found rmw_implementation_cmake: 6.1.2 (/opt/ros/humble/share/rmw_implementation_cmake/cmake)\n'}
[0.188997] (demo_cpp_pkg) StdoutLine: {'line': b'-- Found rmw_fastrtps_cpp: 6.2.7 (/opt/ros/humble/share/rmw_fastrtps_cpp/cmake)\n'}
[0.199917] (-) TimerEvent: {}
[0.273308] (demo_cpp_pkg) StdoutLine: {'line': b"-- Using RMW implementation 'rmw_fastrtps_cpp' as default\n"}
[0.300010] (-) TimerEvent: {}
[0.305941] (demo_cpp_pkg) StdoutLine: {'line': b'-- Found ament_lint_auto: 0.12.12 (/opt/ros/humble/share/ament_lint_auto/cmake)\n'}
[0.365125] (demo_cpp_pkg) StdoutLine: {'line': b"-- Added test 'cppcheck' to perform static code analysis on C / C++ code\n"}
[0.365396] (demo_cpp_pkg) StdoutLine: {'line': b'-- Configured cppcheck include dirs: \n'}
[0.365519] (demo_cpp_pkg) StdoutLine: {'line': b'-- Configured cppcheck exclude dirs and/or files: \n'}
[0.367280] (demo_cpp_pkg) StdoutLine: {'line': b"-- Added test 'lint_cmake' to check CMake code style\n"}
[0.372858] (demo_cpp_pkg) StdoutLine: {'line': b"-- Added test 'uncrustify' to check C / C++ code style\n"}
[0.372974] (demo_cpp_pkg) StdoutLine: {'line': b'-- Configured uncrustify additional arguments: \n'}
[0.373651] (demo_cpp_pkg) StdoutLine: {'line': b"-- Added test 'xmllint' to check XML markup files\n"}
[0.374198] (demo_cpp_pkg) StdoutLine: {'line': b'-- Configuring done\n'}
[0.390208] (demo_cpp_pkg) StdoutLine: {'line': b'-- Generating done\n'}
[0.397168] (demo_cpp_pkg) StdoutLine: {'line': b'-- Build files have been written to: /home/cofallen/Code/ros2/cp2_node/cp2_ws/build/demo_cpp_pkg\n'}
[0.400079] (-) TimerEvent: {}
[0.422962] (demo_cpp_pkg) StdoutLine: {'line': b'\x1b[35m\x1b[1mConsolidate compiler generated dependencies of target learn_shared_ptr\x1b[0m\n'}
[0.423182] (demo_cpp_pkg) StdoutLine: {'line': b'\x1b[35m\x1b[1mConsolidate compiler generated dependencies of target learn_auto\x1b[0m\n'}
[0.423349] (demo_cpp_pkg) StdoutLine: {'line': b'\x1b[35m\x1b[1mConsolidate compiler generated dependencies of target learn_lambda\x1b[0m\n'}
[0.423436] (demo_cpp_pkg) StdoutLine: {'line': b'\x1b[35m\x1b[1mConsolidate compiler generated dependencies of target cpp_node\x1b[0m\n'}
[0.423495] (demo_cpp_pkg) StdoutLine: {'line': b'\x1b[35m\x1b[1mConsolidate compiler generated dependencies of target person_node\x1b[0m\n'}
[0.433945] (demo_cpp_pkg) StdoutLine: {'line': b'[  8%] \x1b[32mBuilding CXX object CMakeFiles/learn_functional.dir/src/learn_functional.cpp.o\x1b[0m\n'}
[0.434782] (demo_cpp_pkg) StdoutLine: {'line': b'[ 25%] Built target learn_shared_ptr\n'}
[0.436457] (demo_cpp_pkg) StdoutLine: {'line': b'[ 41%] Built target learn_lambda\n'}
[0.438802] (demo_cpp_pkg) StdoutLine: {'line': b'[ 58%] Built target cpp_node\n'}
[0.441182] (demo_cpp_pkg) StdoutLine: {'line': b'[ 91%] Built target learn_auto\n'}
[0.441335] (demo_cpp_pkg) StdoutLine: {'line': b'[ 91%] Built target person_node\n'}
[0.500173] (-) TimerEvent: {}
[0.600447] (-) TimerEvent: {}
[0.700762] (-) TimerEvent: {}
[0.801049] (-) TimerEvent: {}
[0.808081] (demo_cpp_pkg) StdoutLine: {'line': b'[100%] \x1b[32m\x1b[1mLinking CXX executable learn_functional\x1b[0m\n'}
[0.875708] (demo_cpp_pkg) StderrLine: {'line': b"/usr/bin/ld: CMakeFiles/learn_functional.dir/src/learn_functional.cpp.o: in function `main':\n"}
[0.875971] (demo_cpp_pkg) StderrLine: {'line': b"learn_functional.cpp:(.text+0x1bf): undefined reference to `FileSave::FileSave()'\n"}
[0.880843] (demo_cpp_pkg) StderrLine: {'line': b'collect2: error: ld returned 1 exit status\n'}
[0.882665] (demo_cpp_pkg) StderrLine: {'line': b'gmake[2]: *** [CMakeFiles/learn_functional.dir/build.make:151: learn_functional] Error 1\n'}
[0.883080] (demo_cpp_pkg) StderrLine: {'line': b'gmake[1]: *** [CMakeFiles/Makefile2:277: CMakeFiles/learn_functional.dir/all] Error 2\n'}
[0.883419] (demo_cpp_pkg) StderrLine: {'line': b'gmake: *** [Makefile:146: all] Error 2\n'}
[0.885818] (demo_cpp_pkg) CommandEnded: {'returncode': 2}
[0.895150] (demo_cpp_pkg) JobEnded: {'identifier': 'demo_cpp_pkg', 'rc': 2}
[0.901140] (-) TimerEvent: {}
[0.905759] (demo_python_pkg) JobSkipped: {'identifier': 'demo_python_pkg'}
[0.905820] (-) EventReactorShutdown: {}
